<?xml version="1.0" encoding="UTF-8"?>
<!-- Generated by org.testng.reporters.JUnitReportReporter -->
<testsuite skipped="0" hostname="admin-PC" name="com.google.GooglePageTest" tests="1" failures="0" timestamp="2020-04-27T10:25:05 IST" time="22.787" errors="0">
  <testcase name="GoogleTitleTest" time="22.787" classname="com.google.GooglePageTest"/>
</testsuite> <!-- com.google.GooglePageTest -->
