<?xml version="1.0" encoding="UTF-8"?>
<!-- Generated by org.testng.reporters.JUnitReportReporter -->
<testsuite hostname="admin-PC" failures="0" tests="4" name="com.google.GooglePageTest" time="0.015" errors="0" timestamp="2020-04-27T13:47:49 IST" skipped="0">
  <testcase classname="com.google.GooglePageTest" name="LoginTest" time="0.001"/>
  <testcase classname="com.google.GooglePageTest" name="signout" time="0.000"/>
  <testcase classname="com.google.GooglePageTest" name="GoogleTitleTest" time="0.014"/>
  <testcase classname="com.google.GooglePageTest" name="homepage" time="0.000"/>
</testsuite> <!-- com.google.GooglePageTest -->
